# JRE version: Java(TM) SE Runtime Environment (8.0_66-b18) (build 1.8.0_66-b18)
# Java VM: Java HotSpot(TM) 64-Bit Server VM (25.66-b18 mixed mode windows-amd64 compressed oops)
Heap:
 PSYoungGen      total 40960K, used 19510K [0x00000000f5580000, 0x00000000f8400000, 0x0000000100000000)
  eden space 34304K, 49% used [0x00000000f5580000,0x00000000f6639308,0x00000000f7700000)
  from space 6656K, 35% used [0x00000000f7d80000,0x00000000f7fd4538,0x00000000f8400000)
  to   space 6656K, 0% used [0x00000000f7700000,0x00000000f7700000,0x00000000f7d80000)
 ParOldGen       total 142848K, used 111348K [0x00000000e0000000, 0x00000000e8b80000, 0x00000000f5580000)
  object space 142848K, 77% used [0x00000000e0000000,0x00000000e6cbd018,0x00000000e8b80000)
 Metaspace       used 113649K, capacity 121520K, committed 121688K, reserved 1155072K
  class space    used 12943K, capacity 15451K, committed 15488K, reserved 1048576K
GC Heap History (10 events):
Event: 8654.240 GC heap before
{Heap before GC invocations=303 (full 55):
 PSYoungGen      total 40960K, used 37741K [0x00000000f5580000, 0x00000000f8500000, 0x0000000100000000)
  eden space 34304K, 100% used [0x00000000f5580000,0x00000000f7700000,0x00000000f7700000)
  from space 6656K, 51% used [0x00000000f7700000,0x00000000f7a5b6a8,0x00000000f7d80000)
  to   space 7168K, 0% used [0x00000000f7e00000,0x00000000f7e00000,0x00000000f8500000)
 ParOldGen       total 142848K, used 110731K [0x00000000e0000000, 0x00000000e8b80000, 0x00000000f5580000)
  object space 142848K, 77% used [0x00000000e0000000,0x00000000e6c22fc8,0x00000000e8b80000)
 Metaspace       used 113096K, capacity 120938K, committed 121176K, reserved 1155072K
  class space    used 12892K, capacity 15385K, committed 15488K, reserved 1048576K
Event: 8654.243 GC heap after
Heap after GC invocations=303 (full 55):
 PSYoungGen      total 41472K, used 3431K [0x00000000f5580000, 0x00000000f8500000, 0x0000000100000000)
  eden space 34304K, 0% used [0x00000000f5580000,0x00000000f5580000,0x00000000f7700000)
  from space 7168K, 47% used [0x00000000f7e00000,0x00000000f8159f38,0x00000000f8500000)
  to   space 7168K, 0% used [0x00000000f7700000,0x00000000f7700000,0x00000000f7e00000)
 ParOldGen       total 142848K, used 110939K [0x00000000e0000000, 0x00000000e8b80000, 0x00000000f5580000)
  object space 142848K, 77% used [0x00000000e0000000,0x00000000e6c56ff8,0x00000000e8b80000)
 Metaspace       used 113096K, capacity 120938K, committed 121176K, reserved 1155072K
  class space    used 12892K, capacity 15385K, committed 15488K, reserved 1048576K
}
Event: 8731.062 GC heap before
{Heap before GC invocations=304 (full 55):
 PSYoungGen      total 41472K, used 37735K [0x00000000f5580000, 0x00000000f8500000, 0x0000000100000000)
  eden space 34304K, 100% used [0x00000000f5580000,0x00000000f7700000,0x00000000f7700000)
  from space 7168K, 47% used [0x00000000f7e00000,0x00000000f8159f38,0x00000000f8500000)
  to   space 7168K, 0% used [0x00000000f7700000,0x00000000f7700000,0x00000000f7e00000)
 ParOldGen       total 142848K, used 110939K [0x00000000e0000000, 0x00000000e8b80000, 0x00000000f5580000)
  object space 142848K, 77% used [0x00000000e0000000,0x00000000e6c56ff8,0x00000000e8b80000)
 Metaspace       used 113105K, capacity 120938K, committed 121176K, reserved 1155072K
  class space    used 12892K, capacity 15385K, committed 15488K, reserved 1048576K
Event: 8731.066 GC heap after
Heap after GC invocations=304 (full 55):
 PSYoungGen      total 38400K, used 3756K [0x00000000f5580000, 0x00000000f8400000, 0x0000000100000000)
  eden space 34304K, 0% used [0x00000000f5580000,0x00000000f5580000,0x00000000f7700000)
  from space 4096K, 91% used [0x00000000f7700000,0x00000000f7aab328,0x00000000f7b00000)
  to   space 6656K, 0% used [0x00000000f7d80000,0x00000000f7d80000,0x00000000f8400000)
 ParOldGen       total 142848K, used 111068K [0x00000000e0000000, 0x00000000e8b80000, 0x00000000f5580000)
  object space 142848K, 77% used [0x00000000e0000000,0x00000000e6c77018,0x00000000e8b80000)
 Metaspace       used 113105K, capacity 120938K, committed 121176K, reserved 1155072K
  class space    used 12892K, capacity 15385K, committed 15488K, reserved 1048576K
}
Event: 8823.637 GC heap before
{Heap before GC invocations=305 (full 55):
 PSYoungGen      total 38400K, used 38060K [0x00000000f5580000, 0x00000000f8400000, 0x0000000100000000)
  eden space 34304K, 100% used [0x00000000f5580000,0x00000000f7700000,0x00000000f7700000)
  from space 4096K, 91% used [0x00000000f7700000,0x00000000f7aab328,0x00000000f7b00000)
  to   space 6656K, 0% used [0x00000000f7d80000,0x00000000f7d80000,0x00000000f8400000)
 ParOldGen       total 142848K, used 111068K [0x00000000e0000000, 0x00000000e8b80000, 0x00000000f5580000)
  object space 142848K, 77% used [0x00000000e0000000,0x00000000e6c77018,0x00000000e8b80000)
 Metaspace       used 113105K, capacity 120938K, committed 121176K, reserved 1155072K
  class space    used 12892K, capacity 15385K, committed 15488K, reserved 1048576K
Event: 8823.640 GC heap after
Heap after GC invocations=305 (full 55):
 PSYoungGen      total 40960K, used 4044K [0x00000000f5580000, 0x00000000f8400000, 0x0000000100000000)
  eden space 34304K, 0% used [0x00000000f5580000,0x00000000f5580000,0x00000000f7700000)
  from space 6656K, 60% used [0x00000000f7d80000,0x00000000f8173338,0x00000000f8400000)
  to   space 6656K, 0% used [0x00000000f7700000,0x00000000f7700000,0x00000000f7d80000)
 ParOldGen       total 142848K, used 111164K [0x00000000e0000000, 0x00000000e8b80000, 0x00000000f5580000)
  object space 142848K, 77% used [0x00000000e0000000,0x00000000e6c8f018,0x00000000e8b80000)
 Metaspace       used 113105K, capacity 120938K, committed 121176K, reserved 1155072K
  class space    used 12892K, capacity 15385K, committed 15488K, reserved 1048576K
}
Event: 8842.115 GC heap before
{Heap before GC invocations=306 (full 55):
 PSYoungGen      total 40960K, used 38348K [0x00000000f5580000, 0x00000000f8400000, 0x0000000100000000)
  eden space 34304K, 100% used [0x00000000f5580000,0x00000000f7700000,0x00000000f7700000)
  from space 6656K, 60% used [0x00000000f7d80000,0x00000000f8173338,0x00000000f8400000)
  to   space 6656K, 0% used [0x00000000f7700000,0x00000000f7700000,0x00000000f7d80000)
 ParOldGen       total 142848K, used 111164K [0x00000000e0000000, 0x00000000e8b80000, 0x00000000f5580000)
  object space 142848K, 77% used [0x00000000e0000000,0x00000000e6c8f018,0x00000000e8b80000)
 Metaspace       used 113184K, capacity 121066K, committed 121432K, reserved 1155072K
  class space    used 12898K, capacity 15385K, committed 15488K, reserved 1048576K
Event: 8842.118 GC heap after
Heap after GC invocations=306 (full 55):
 PSYoungGen      total 40960K, used 4172K [0x00000000f5580000, 0x00000000f8400000, 0x0000000100000000)
  eden space 34304K, 0% used [0x00000000f5580000,0x00000000f5580000,0x00000000f7700000)
  from space 6656K, 62% used [0x00000000f7700000,0x00000000f7b13318,0x00000000f7d80000)
  to   space 6656K, 0% used [0x00000000f7d80000,0x00000000f7d80000,0x00000000f8400000)
 ParOldGen       total 142848K, used 111260K [0x00000000e0000000, 0x00000000e8b80000, 0x00000000f5580000)
  object space 142848K, 77% used [0x00000000e0000000,0x00000000e6ca7018,0x00000000e8b80000)
 Metaspace       used 113184K, capacity 121066K, committed 121432K, reserved 1155072K
  class space    used 12898K, capacity 15385K, committed 15488K, reserved 1048576K
}
Event: 8842.572 GC heap before
{Heap before GC invocations=307 (full 55):
 PSYoungGen      total 40960K, used 38476K [0x00000000f5580000, 0x00000000f8400000, 0x0000000100000000)
  eden space 34304K, 100% used [0x00000000f5580000,0x00000000f7700000,0x00000000f7700000)
  from space 6656K, 62% used [0x00000000f7700000,0x00000000f7b13318,0x00000000f7d80000)
  to   space 6656K, 0% used [0x00000000f7d80000,0x00000000f7d80000,0x00000000f8400000)
 ParOldGen       total 142848K, used 111260K [0x00000000e0000000, 0x00000000e8b80000, 0x00000000f5580000)
  object space 142848K, 77% used [0x00000000e0000000,0x00000000e6ca7018,0x00000000e8b80000)
 Metaspace       used 113265K, capacity 121066K, committed 121432K, reserved 1155072K
  class space    used 12907K, capacity 15385K, committed 15488K, reserved 1048576K
Event: 8842.575 GC heap after
Heap after GC invocations=307 (full 55):
 PSYoungGen      total 40960K, used 2385K [0x00000000f5580000, 0x00000000f8400000, 0x0000000100000000)
  eden space 34304K, 0% used [0x00000000f5580000,0x00000000f5580000,0x00000000f7700000)
  from space 6656K, 35% used [0x00000000f7d80000,0x00000000f7fd4538,0x00000000f8400000)
  to   space 6656K, 0% used [0x00000000f7700000,0x00000000f7700000,0x00000000f7d80000)
 ParOldGen       total 142848K, used 111348K [0x00000000e0000000, 0x00000000e8b80000, 0x00000000f5580000)
  object space 142848K, 77% used [0x00000000e0000000,0x00000000e6cbd018,0x00000000e8b80000)
 Metaspace       used 113265K, capacity 121066K, committed 121432K, reserved 1155072K
  class space    used 12907K, capacity 15385K, committed 15488K, reserved 1048576K
}

