# JRE version: Java(TM) SE Runtime Environment (8.0_66-b18) (build 1.8.0_66-b18)
# Java VM: Java HotSpot(TM) 64-Bit Server VM (25.66-b18 mixed mode windows-amd64 compressed oops)
Heap:
 PSYoungGen      total 140800K, used 44702K [0x00000000f5580000, 0x00000000ff500000, 0x0000000100000000)
  eden space 119296K, 37% used [0x00000000f5580000,0x00000000f8127a10,0x00000000fca00000)
  from space 21504K, 0% used [0x00000000fe000000,0x00000000fe000000,0x00000000ff500000)
  to   space 22016K, 0% used [0x00000000fca00000,0x00000000fca00000,0x00000000fdf80000)
 ParOldGen       total 157184K, used 60681K [0x00000000e0000000, 0x00000000e9980000, 0x00000000f5580000)
  object space 157184K, 38% used [0x00000000e0000000,0x00000000e3b42648,0x00000000e9980000)
 Metaspace       used 95403K, capacity 102796K, committed 103000K, reserved 1138688K
  class space    used 11366K, capacity 13640K, committed 13656K, reserved 1048576K
GC Heap History (10 events):
Event: 714.852 GC heap before
{Heap before GC invocations=42 (full 14):
 PSYoungGen      total 142336K, used 768K [0x00000000f5580000, 0x00000000ff800000, 0x0000000100000000)
  eden space 119296K, 0% used [0x00000000f5580000,0x00000000f5580000,0x00000000fca00000)
  from space 23040K, 3% used [0x00000000fe180000,0x00000000fe240000,0x00000000ff800000)
  to   space 23552K, 0% used [0x00000000fca00000,0x00000000fca00000,0x00000000fe100000)
 ParOldGen       total 157184K, used 61346K [0x00000000e0000000, 0x00000000e9980000, 0x00000000f5580000)
  object space 157184K, 39% used [0x00000000e0000000,0x00000000e3be89e0,0x00000000e9980000)
 Metaspace       used 93658K, capacity 100986K, committed 101336K, reserved 1136640K
  class space    used 11147K, capacity 13401K, committed 13528K, reserved 1048576K
Event: 714.960 GC heap after
Heap after GC invocations=42 (full 14):
 PSYoungGen      total 142336K, used 0K [0x00000000f5580000, 0x00000000ff800000, 0x0000000100000000)
  eden space 119296K, 0% used [0x00000000f5580000,0x00000000f5580000,0x00000000fca00000)
  from space 23040K, 0% used [0x00000000fe180000,0x00000000fe180000,0x00000000ff800000)
  to   space 23552K, 0% used [0x00000000fca00000,0x00000000fca00000,0x00000000fe100000)
 ParOldGen       total 157184K, used 61050K [0x00000000e0000000, 0x00000000e9980000, 0x00000000f5580000)
  object space 157184K, 38% used [0x00000000e0000000,0x00000000e3b9ea48,0x00000000e9980000)
 Metaspace       used 93658K, capacity 100986K, committed 101336K, reserved 1136640K
  class space    used 11147K, capacity 13401K, committed 13528K, reserved 1048576K
}
Event: 774.858 GC heap before
{Heap before GC invocations=43 (full 14):
 PSYoungGen      total 142336K, used 20017K [0x00000000f5580000, 0x00000000ff800000, 0x0000000100000000)
  eden space 119296K, 16% used [0x00000000f5580000,0x00000000f690c6c0,0x00000000fca00000)
  from space 23040K, 0% used [0x00000000fe180000,0x00000000fe180000,0x00000000ff800000)
  to   space 23552K, 0% used [0x00000000fca00000,0x00000000fca00000,0x00000000fe100000)
 ParOldGen       total 157184K, used 61050K [0x00000000e0000000, 0x00000000e9980000, 0x00000000f5580000)
  object space 157184K, 38% used [0x00000000e0000000,0x00000000e3b9ea48,0x00000000e9980000)
 Metaspace       used 94446K, capacity 101912K, committed 102232K, reserved 1138688K
  class space    used 11267K, capacity 13542K, committed 13656K, reserved 1048576K
Event: 774.860 GC heap after
Heap after GC invocations=43 (full 14):
 PSYoungGen      total 121856K, used 2166K [0x00000000f5580000, 0x00000000ff600000, 0x0000000100000000)
  eden space 119296K, 0% used [0x00000000f5580000,0x00000000f5580000,0x00000000fca00000)
  from space 2560K, 84% used [0x00000000fca00000,0x00000000fcc1d988,0x00000000fcc80000)
  to   space 22528K, 0% used [0x00000000fe000000,0x00000000fe000000,0x00000000ff600000)
 ParOldGen       total 157184K, used 61058K [0x00000000e0000000, 0x00000000e9980000, 0x00000000f5580000)
  object space 157184K, 38% used [0x00000000e0000000,0x00000000e3ba0a48,0x00000000e9980000)
 Metaspace       used 94446K, capacity 101912K, committed 102232K, reserved 1138688K
  class space    used 11267K, capacity 13542K, committed 13656K, reserved 1048576K
}
Event: 774.860 GC heap before
{Heap before GC invocations=44 (full 15):
 PSYoungGen      total 121856K, used 2166K [0x00000000f5580000, 0x00000000ff600000, 0x0000000100000000)
  eden space 119296K, 0% used [0x00000000f5580000,0x00000000f5580000,0x00000000fca00000)
  from space 2560K, 84% used [0x00000000fca00000,0x00000000fcc1d988,0x00000000fcc80000)
  to   space 22528K, 0% used [0x00000000fe000000,0x00000000fe000000,0x00000000ff600000)
 ParOldGen       total 157184K, used 61058K [0x00000000e0000000, 0x00000000e9980000, 0x00000000f5580000)
  object space 157184K, 38% used [0x00000000e0000000,0x00000000e3ba0a48,0x00000000e9980000)
 Metaspace       used 94446K, capacity 101912K, committed 102232K, reserved 1138688K
  class space    used 11267K, capacity 13542K, committed 13656K, reserved 1048576K
Event: 774.971 GC heap after
Heap after GC invocations=44 (full 15):
 PSYoungGen      total 121856K, used 0K [0x00000000f5580000, 0x00000000ff600000, 0x0000000100000000)
  eden space 119296K, 0% used [0x00000000f5580000,0x00000000f5580000,0x00000000fca00000)
  from space 2560K, 0% used [0x00000000fca00000,0x00000000fca00000,0x00000000fcc80000)
  to   space 22528K, 0% used [0x00000000fe000000,0x00000000fe000000,0x00000000ff600000)
 ParOldGen       total 157184K, used 61812K [0x00000000e0000000, 0x00000000e9980000, 0x00000000f5580000)
  object space 157184K, 39% used [0x00000000e0000000,0x00000000e3c5d018,0x00000000e9980000)
 Metaspace       used 94446K, capacity 101912K, committed 102232K, reserved 1138688K
  class space    used 11267K, capacity 13542K, committed 13656K, reserved 1048576K
}
Event: 834.858 GC heap before
{Heap before GC invocations=45 (full 15):
 PSYoungGen      total 121856K, used 6581K [0x00000000f5580000, 0x00000000ff600000, 0x0000000100000000)
  eden space 119296K, 5% used [0x00000000f5580000,0x00000000f5bed4d8,0x00000000fca00000)
  from space 2560K, 0% used [0x00000000fca00000,0x00000000fca00000,0x00000000fcc80000)
  to   space 22528K, 0% used [0x00000000fe000000,0x00000000fe000000,0x00000000ff600000)
 ParOldGen       total 157184K, used 61812K [0x00000000e0000000, 0x00000000e9980000, 0x00000000f5580000)
  object space 157184K, 39% used [0x00000000e0000000,0x00000000e3c5d018,0x00000000e9980000)
 Metaspace       used 94449K, capacity 101976K, committed 102232K, reserved 1138688K
  class space    used 11267K, capacity 13542K, committed 13656K, reserved 1048576K
Event: 834.861 GC heap after
Heap after GC invocations=45 (full 15):
 PSYoungGen      total 140800K, used 352K [0x00000000f5580000, 0x00000000ff500000, 0x0000000100000000)
  eden space 119296K, 0% used [0x00000000f5580000,0x00000000f5580000,0x00000000fca00000)
  from space 21504K, 1% used [0x00000000fe000000,0x00000000fe058000,0x00000000ff500000)
  to   space 22016K, 0% used [0x00000000fca00000,0x00000000fca00000,0x00000000fdf80000)
 ParOldGen       total 157184K, used 61812K [0x00000000e0000000, 0x00000000e9980000, 0x00000000f5580000)
  object space 157184K, 39% used [0x00000000e0000000,0x00000000e3c5d018,0x00000000e9980000)
 Metaspace       used 94449K, capacity 101976K, committed 102232K, reserved 1138688K
  class space    used 11267K, capacity 13542K, committed 13656K, reserved 1048576K
}
Event: 834.861 GC heap before
{Heap before GC invocations=46 (full 16):
 PSYoungGen      total 140800K, used 352K [0x00000000f5580000, 0x00000000ff500000, 0x0000000100000000)
  eden space 119296K, 0% used [0x00000000f5580000,0x00000000f5580000,0x00000000fca00000)
  from space 21504K, 1% used [0x00000000fe000000,0x00000000fe058000,0x00000000ff500000)
  to   space 22016K, 0% used [0x00000000fca00000,0x00000000fca00000,0x00000000fdf80000)
 ParOldGen       total 157184K, used 61812K [0x00000000e0000000, 0x00000000e9980000, 0x00000000f5580000)
  object space 157184K, 39% used [0x00000000e0000000,0x00000000e3c5d018,0x00000000e9980000)
 Metaspace       used 94449K, capacity 101976K, committed 102232K, reserved 1138688K
  class space    used 11267K, capacity 13542K, committed 13656K, reserved 1048576K
Event: 835.018 GC heap after
Heap after GC invocations=46 (full 16):
 PSYoungGen      total 140800K, used 0K [0x00000000f5580000, 0x00000000ff500000, 0x0000000100000000)
  eden space 119296K, 0% used [0x00000000f5580000,0x00000000f5580000,0x00000000fca00000)
  from space 21504K, 0% used [0x00000000fe000000,0x00000000fe000000,0x00000000ff500000)
  to   space 22016K, 0% used [0x00000000fca00000,0x00000000fca00000,0x00000000fdf80000)
 ParOldGen       total 157184K, used 60681K [0x00000000e0000000, 0x00000000e9980000, 0x00000000f5580000)
  object space 157184K, 38% used [0x00000000e0000000,0x00000000e3b42648,0x00000000e9980000)
 Metaspace       used 94438K, capacity 101958K, committed 102232K, reserved 1138688K
  class space    used 11266K, capacity 13539K, committed 13656K, reserved 1048576K
}

