# JRE version: Java(TM) SE Runtime Environment (8.0_66-b18) (build 1.8.0_66-b18)
# Java VM: Java HotSpot(TM) 64-Bit Server VM (25.66-b18 mixed mode windows-amd64 compressed oops)
Heap:
 PSYoungGen      total 112640K, used 52991K [0x00000000f5580000, 0x00000000fdb00000, 0x0000000100000000)
  eden space 88576K, 59% used [0x00000000f5580000,0x00000000f893feb0,0x00000000fac00000)
  from space 24064K, 0% used [0x00000000fc380000,0x00000000fc380000,0x00000000fdb00000)
  to   space 24064K, 0% used [0x00000000fac00000,0x00000000fac00000,0x00000000fc380000)
 ParOldGen       total 114688K, used 54509K [0x00000000e0000000, 0x00000000e7000000, 0x00000000f5580000)
  object space 114688K, 47% used [0x00000000e0000000,0x00000000e353b7c8,0x00000000e7000000)
 Metaspace       used 82007K, capacity 88612K, committed 88792K, reserved 1126400K
  class space    used 9786K, capacity 11870K, committed 11992K, reserved 1048576K
GC Heap History (10 events):
Event: 61.798 GC heap before
{Heap before GC invocations=17 (full 3):
 PSYoungGen      total 98816K, used 30162K [0x00000000f5580000, 0x00000000fd600000, 0x0000000100000000)
  eden space 75264K, 16% used [0x00000000f5580000,0x00000000f61648a8,0x00000000f9f00000)
  from space 23552K, 76% used [0x00000000f9f00000,0x00000000fb0901c0,0x00000000fb600000)
  to   space 24576K, 0% used [0x00000000fbe00000,0x00000000fbe00000,0x00000000fd600000)
 ParOldGen       total 114688K, used 39492K [0x00000000e0000000, 0x00000000e7000000, 0x00000000f5580000)
  object space 114688K, 34% used [0x00000000e0000000,0x00000000e2691290,0x00000000e7000000)
 Metaspace       used 72740K, capacity 78676K, committed 78936K, reserved 1118208K
  class space    used 8933K, capacity 10757K, committed 10840K, reserved 1048576K
Event: 61.802 GC heap after
Heap after GC invocations=17 (full 3):
 PSYoungGen      total 107008K, used 15632K [0x00000000f5580000, 0x00000000fd600000, 0x0000000100000000)
  eden space 82432K, 0% used [0x00000000f5580000,0x00000000f5580000,0x00000000fa600000)
  from space 24576K, 63% used [0x00000000fbe00000,0x00000000fcd441f8,0x00000000fd600000)
  to   space 24576K, 0% used [0x00000000fa600000,0x00000000fa600000,0x00000000fbe00000)
 ParOldGen       total 114688K, used 39500K [0x00000000e0000000, 0x00000000e7000000, 0x00000000f5580000)
  object space 114688K, 34% used [0x00000000e0000000,0x00000000e2693290,0x00000000e7000000)
 Metaspace       used 72740K, capacity 78676K, committed 78936K, reserved 1118208K
  class space    used 8933K, capacity 10757K, committed 10840K, reserved 1048576K
}
Event: 61.802 GC heap before
{Heap before GC invocations=18 (full 4):
 PSYoungGen      total 107008K, used 15632K [0x00000000f5580000, 0x00000000fd600000, 0x0000000100000000)
  eden space 82432K, 0% used [0x00000000f5580000,0x00000000f5580000,0x00000000fa600000)
  from space 24576K, 63% used [0x00000000fbe00000,0x00000000fcd441f8,0x00000000fd600000)
  to   space 24576K, 0% used [0x00000000fa600000,0x00000000fa600000,0x00000000fbe00000)
 ParOldGen       total 114688K, used 39500K [0x00000000e0000000, 0x00000000e7000000, 0x00000000f5580000)
  object space 114688K, 34% used [0x00000000e0000000,0x00000000e2693290,0x00000000e7000000)
 Metaspace       used 72740K, capacity 78676K, committed 78936K, reserved 1118208K
  class space    used 8933K, capacity 10757K, committed 10840K, reserved 1048576K
Event: 61.990 GC heap after
Heap after GC invocations=18 (full 4):
 PSYoungGen      total 107008K, used 0K [0x00000000f5580000, 0x00000000fd600000, 0x0000000100000000)
  eden space 82432K, 0% used [0x00000000f5580000,0x00000000f5580000,0x00000000fa600000)
  from space 24576K, 0% used [0x00000000fbe00000,0x00000000fbe00000,0x00000000fd600000)
  to   space 24576K, 0% used [0x00000000fa600000,0x00000000fa600000,0x00000000fbe00000)
 ParOldGen       total 114688K, used 52272K [0x00000000e0000000, 0x00000000e7000000, 0x00000000f5580000)
  object space 114688K, 45% used [0x00000000e0000000,0x00000000e330c348,0x00000000e7000000)
 Metaspace       used 72740K, capacity 78676K, committed 78936K, reserved 1118208K
  class space    used 8933K, capacity 10757K, committed 10840K, reserved 1048576K
}
Event: 74.845 GC heap before
{Heap before GC invocations=19 (full 4):
 PSYoungGen      total 107008K, used 82432K [0x00000000f5580000, 0x00000000fd600000, 0x0000000100000000)
  eden space 82432K, 100% used [0x00000000f5580000,0x00000000fa600000,0x00000000fa600000)
  from space 24576K, 0% used [0x00000000fbe00000,0x00000000fbe00000,0x00000000fd600000)
  to   space 24576K, 0% used [0x00000000fa600000,0x00000000fa600000,0x00000000fbe00000)
 ParOldGen       total 114688K, used 52272K [0x00000000e0000000, 0x00000000e7000000, 0x00000000f5580000)
  object space 114688K, 45% used [0x00000000e0000000,0x00000000e330c348,0x00000000e7000000)
 Metaspace       used 79547K, capacity 85912K, committed 85976K, reserved 1124352K
  class space    used 9502K, capacity 11423K, committed 11480K, reserved 1048576K
Event: 74.847 GC heap after
Heap after GC invocations=19 (full 4):
 PSYoungGen      total 107008K, used 9219K [0x00000000f5580000, 0x00000000fdb00000, 0x0000000100000000)
  eden space 82432K, 0% used [0x00000000f5580000,0x00000000f5580000,0x00000000fa600000)
  from space 24576K, 37% used [0x00000000fa600000,0x00000000faf00cd8,0x00000000fbe00000)
  to   space 24064K, 0% used [0x00000000fc380000,0x00000000fc380000,0x00000000fdb00000)
 ParOldGen       total 114688K, used 52280K [0x00000000e0000000, 0x00000000e7000000, 0x00000000f5580000)
  object space 114688K, 45% used [0x00000000e0000000,0x00000000e330e348,0x00000000e7000000)
 Metaspace       used 79547K, capacity 85912K, committed 85976K, reserved 1124352K
  class space    used 9502K, capacity 11423K, committed 11480K, reserved 1048576K
}
Event: 121.808 GC heap before
{Heap before GC invocations=20 (full 4):
 PSYoungGen      total 107008K, used 41574K [0x00000000f5580000, 0x00000000fdb00000, 0x0000000100000000)
  eden space 82432K, 39% used [0x00000000f5580000,0x00000000f7518ea0,0x00000000fa600000)
  from space 24576K, 37% used [0x00000000fa600000,0x00000000faf00cd8,0x00000000fbe00000)
  to   space 24064K, 0% used [0x00000000fc380000,0x00000000fc380000,0x00000000fdb00000)
 ParOldGen       total 114688K, used 52280K [0x00000000e0000000, 0x00000000e7000000, 0x00000000f5580000)
  object space 114688K, 45% used [0x00000000e0000000,0x00000000e330e348,0x00000000e7000000)
 Metaspace       used 79933K, capacity 86336K, committed 86488K, reserved 1124352K
  class space    used 9521K, capacity 11458K, committed 11480K, reserved 1048576K
Event: 121.810 GC heap after
Heap after GC invocations=20 (full 4):
 PSYoungGen      total 112640K, used 4070K [0x00000000f5580000, 0x00000000fdb00000, 0x0000000100000000)
  eden space 88576K, 0% used [0x00000000f5580000,0x00000000f5580000,0x00000000fac00000)
  from space 24064K, 16% used [0x00000000fc380000,0x00000000fc779850,0x00000000fdb00000)
  to   space 24064K, 0% used [0x00000000fac00000,0x00000000fac00000,0x00000000fc380000)
 ParOldGen       total 114688K, used 52288K [0x00000000e0000000, 0x00000000e7000000, 0x00000000f5580000)
  object space 114688K, 45% used [0x00000000e0000000,0x00000000e3310348,0x00000000e7000000)
 Metaspace       used 79933K, capacity 86336K, committed 86488K, reserved 1124352K
  class space    used 9521K, capacity 11458K, committed 11480K, reserved 1048576K
}
Event: 121.810 GC heap before
{Heap before GC invocations=21 (full 5):
 PSYoungGen      total 112640K, used 4070K [0x00000000f5580000, 0x00000000fdb00000, 0x0000000100000000)
  eden space 88576K, 0% used [0x00000000f5580000,0x00000000f5580000,0x00000000fac00000)
  from space 24064K, 16% used [0x00000000fc380000,0x00000000fc779850,0x00000000fdb00000)
  to   space 24064K, 0% used [0x00000000fac00000,0x00000000fac00000,0x00000000fc380000)
 ParOldGen       total 114688K, used 52288K [0x00000000e0000000, 0x00000000e7000000, 0x00000000f5580000)
  object space 114688K, 45% used [0x00000000e0000000,0x00000000e3310348,0x00000000e7000000)
 Metaspace       used 79933K, capacity 86336K, committed 86488K, reserved 1124352K
  class space    used 9521K, capacity 11458K, committed 11480K, reserved 1048576K
Event: 121.969 GC heap after
Heap after GC invocations=21 (full 5):
 PSYoungGen      total 112640K, used 0K [0x00000000f5580000, 0x00000000fdb00000, 0x0000000100000000)
  eden space 88576K, 0% used [0x00000000f5580000,0x00000000f5580000,0x00000000fac00000)
  from space 24064K, 0% used [0x00000000fc380000,0x00000000fc380000,0x00000000fdb00000)
  to   space 24064K, 0% used [0x00000000fac00000,0x00000000fac00000,0x00000000fc380000)
 ParOldGen       total 114688K, used 54509K [0x00000000e0000000, 0x00000000e7000000, 0x00000000f5580000)
  object space 114688K, 47% used [0x00000000e0000000,0x00000000e353b7c8,0x00000000e7000000)
 Metaspace       used 79933K, capacity 86336K, committed 86488K, reserved 1124352K
  class space    used 9521K, capacity 11458K, committed 11480K, reserved 1048576K
}

