# JRE version: Java(TM) SE Runtime Environment (8.0_66-b18) (build 1.8.0_66-b18)
# Java VM: Java HotSpot(TM) 64-Bit Server VM (25.66-b18 mixed mode windows-amd64 compressed oops)
Heap:
 PSYoungGen      total 48128K, used 41220K [0x00000000f5580000, 0x00000000f8f80000, 0x0000000100000000)
  eden space 43008K, 84% used [0x00000000f5580000,0x00000000f79050e0,0x00000000f7f80000)
  from space 5120K, 94% used [0x00000000f8000000,0x00000000f84bc118,0x00000000f8500000)
  to   space 8192K, 0% used [0x00000000f8780000,0x00000000f8780000,0x00000000f8f80000)
 ParOldGen       total 105472K, used 68525K [0x00000000e0000000, 0x00000000e6700000, 0x00000000f5580000)
  object space 105472K, 64% used [0x00000000e0000000,0x00000000e42eb530,0x00000000e6700000)
 Metaspace       used 109254K, capacity 117480K, committed 117656K, reserved 1150976K
  class space    used 12924K, capacity 15503K, committed 15512K, reserved 1048576K
GC Heap History (10 events):
Event: 3703.330 GC heap before
{Heap before GC invocations=107 (full 22):
 PSYoungGen      total 53760K, used 51456K [0x00000000f5580000, 0x00000000f9300000, 0x0000000100000000)
  eden space 45568K, 100% used [0x00000000f5580000,0x00000000f8200000,0x00000000f8200000)
  from space 8192K, 71% used [0x00000000f8b00000,0x00000000f90c0288,0x00000000f9300000)
  to   space 8704K, 0% used [0x00000000f8200000,0x00000000f8200000,0x00000000f8a80000)
 ParOldGen       total 105472K, used 66014K [0x00000000e0000000, 0x00000000e6700000, 0x00000000f5580000)
  object space 105472K, 62% used [0x00000000e0000000,0x00000000e4077a20,0x00000000e6700000)
 Metaspace       used 108280K, capacity 116410K, committed 116760K, reserved 1150976K
  class space    used 12807K, capacity 15316K, committed 15384K, reserved 1048576K
Event: 3703.332 GC heap after
Heap after GC invocations=107 (full 22):
 PSYoungGen      total 52224K, used 6957K [0x00000000f5580000, 0x00000000f9280000, 0x0000000100000000)
  eden space 45056K, 0% used [0x00000000f5580000,0x00000000f5580000,0x00000000f8180000)
  from space 7168K, 97% used [0x00000000f8200000,0x00000000f88cb400,0x00000000f8900000)
  to   space 8704K, 0% used [0x00000000f8a00000,0x00000000f8a00000,0x00000000f9280000)
 ParOldGen       total 105472K, used 66406K [0x00000000e0000000, 0x00000000e6700000, 0x00000000f5580000)
  object space 105472K, 62% used [0x00000000e0000000,0x00000000e40d9a20,0x00000000e6700000)
 Metaspace       used 108280K, capacity 116410K, committed 116760K, reserved 1150976K
  class space    used 12807K, capacity 15316K, committed 15384K, reserved 1048576K
}
Event: 3785.414 GC heap before
{Heap before GC invocations=108 (full 22):
 PSYoungGen      total 52224K, used 52013K [0x00000000f5580000, 0x00000000f9280000, 0x0000000100000000)
  eden space 45056K, 100% used [0x00000000f5580000,0x00000000f8180000,0x00000000f8180000)
  from space 7168K, 97% used [0x00000000f8200000,0x00000000f88cb400,0x00000000f8900000)
  to   space 8704K, 0% used [0x00000000f8a00000,0x00000000f8a00000,0x00000000f9280000)
 ParOldGen       total 105472K, used 66406K [0x00000000e0000000, 0x00000000e6700000, 0x00000000f5580000)
  object space 105472K, 62% used [0x00000000e0000000,0x00000000e40d9a20,0x00000000e6700000)
 Metaspace       used 108675K, capacity 116944K, committed 117016K, reserved 1150976K
  class space    used 12865K, capacity 15370K, committed 15384K, reserved 1048576K
Event: 3785.417 GC heap after
Heap after GC invocations=108 (full 22):
 PSYoungGen      total 52736K, used 6361K [0x00000000f5580000, 0x00000000f9200000, 0x0000000100000000)
  eden space 44544K, 0% used [0x00000000f5580000,0x00000000f5580000,0x00000000f8100000)
  from space 8192K, 77% used [0x00000000f8a00000,0x00000000f9036620,0x00000000f9200000)
  to   space 8704K, 0% used [0x00000000f8100000,0x00000000f8100000,0x00000000f8980000)
 ParOldGen       total 105472K, used 67681K [0x00000000e0000000, 0x00000000e6700000, 0x00000000f5580000)
  object space 105472K, 64% used [0x00000000e0000000,0x00000000e42185a0,0x00000000e6700000)
 Metaspace       used 108675K, capacity 116944K, committed 117016K, reserved 1150976K
  class space    used 12865K, capacity 15370K, committed 15384K, reserved 1048576K
}
Event: 3832.740 GC heap before
{Heap before GC invocations=109 (full 22):
 PSYoungGen      total 52736K, used 50905K [0x00000000f5580000, 0x00000000f9200000, 0x0000000100000000)
  eden space 44544K, 100% used [0x00000000f5580000,0x00000000f8100000,0x00000000f8100000)
  from space 8192K, 77% used [0x00000000f8a00000,0x00000000f9036620,0x00000000f9200000)
  to   space 8704K, 0% used [0x00000000f8100000,0x00000000f8100000,0x00000000f8980000)
 ParOldGen       total 105472K, used 67681K [0x00000000e0000000, 0x00000000e6700000, 0x00000000f5580000)
  object space 105472K, 64% used [0x00000000e0000000,0x00000000e42185a0,0x00000000e6700000)
 Metaspace       used 108703K, capacity 116944K, committed 117016K, reserved 1150976K
  class space    used 12865K, capacity 15370K, committed 15384K, reserved 1048576K
Event: 3832.742 GC heap after
Heap after GC invocations=109 (full 22):
 PSYoungGen      total 50176K, used 5918K [0x00000000f5580000, 0x00000000f9080000, 0x0000000100000000)
  eden space 44032K, 0% used [0x00000000f5580000,0x00000000f5580000,0x00000000f8080000)
  from space 6144K, 96% used [0x00000000f8100000,0x00000000f86c79d8,0x00000000f8700000)
  to   space 8192K, 0% used [0x00000000f8880000,0x00000000f8880000,0x00000000f9080000)
 ParOldGen       total 105472K, used 67921K [0x00000000e0000000, 0x00000000e6700000, 0x00000000f5580000)
  object space 105472K, 64% used [0x00000000e0000000,0x00000000e42545a0,0x00000000e6700000)
 Metaspace       used 108703K, capacity 116944K, committed 117016K, reserved 1150976K
  class space    used 12865K, capacity 15370K, committed 15384K, reserved 1048576K
}
Event: 3872.473 GC heap before
{Heap before GC invocations=110 (full 22):
 PSYoungGen      total 50176K, used 49950K [0x00000000f5580000, 0x00000000f9080000, 0x0000000100000000)
  eden space 44032K, 100% used [0x00000000f5580000,0x00000000f8080000,0x00000000f8080000)
  from space 6144K, 96% used [0x00000000f8100000,0x00000000f86c79d8,0x00000000f8700000)
  to   space 8192K, 0% used [0x00000000f8880000,0x00000000f8880000,0x00000000f9080000)
 ParOldGen       total 105472K, used 67921K [0x00000000e0000000, 0x00000000e6700000, 0x00000000f5580000)
  object space 105472K, 64% used [0x00000000e0000000,0x00000000e42545a0,0x00000000e6700000)
 Metaspace       used 108755K, capacity 116944K, committed 117016K, reserved 1150976K
  class space    used 12871K, capacity 15370K, committed 15384K, reserved 1048576K
Event: 3872.476 GC heap after
Heap after GC invocations=110 (full 22):
 PSYoungGen      total 51200K, used 5751K [0x00000000f5580000, 0x00000000f9000000, 0x0000000100000000)
  eden space 43520K, 0% used [0x00000000f5580000,0x00000000f5580000,0x00000000f8000000)
  from space 7680K, 74% used [0x00000000f8880000,0x00000000f8e1dd78,0x00000000f9000000)
  to   space 8192K, 0% used [0x00000000f8000000,0x00000000f8000000,0x00000000f8800000)
 ParOldGen       total 105472K, used 68333K [0x00000000e0000000, 0x00000000e6700000, 0x00000000f5580000)
  object space 105472K, 64% used [0x00000000e0000000,0x00000000e42bb530,0x00000000e6700000)
 Metaspace       used 108755K, capacity 116944K, committed 117016K, reserved 1150976K
  class space    used 12871K, capacity 15370K, committed 15384K, reserved 1048576K
}
Event: 3874.082 GC heap before
{Heap before GC invocations=111 (full 22):
 PSYoungGen      total 51200K, used 49271K [0x00000000f5580000, 0x00000000f9000000, 0x0000000100000000)
  eden space 43520K, 100% used [0x00000000f5580000,0x00000000f8000000,0x00000000f8000000)
  from space 7680K, 74% used [0x00000000f8880000,0x00000000f8e1dd78,0x00000000f9000000)
  to   space 8192K, 0% used [0x00000000f8000000,0x00000000f8000000,0x00000000f8800000)
 ParOldGen       total 105472K, used 68333K [0x00000000e0000000, 0x00000000e6700000, 0x00000000f5580000)
  object space 105472K, 64% used [0x00000000e0000000,0x00000000e42bb530,0x00000000e6700000)
 Metaspace       used 108832K, capacity 117122K, committed 117400K, reserved 1150976K
  class space    used 12878K, capacity 15405K, committed 15512K, reserved 1048576K
Event: 3874.085 GC heap after
Heap after GC invocations=111 (full 22):
 PSYoungGen      total 48128K, used 4848K [0x00000000f5580000, 0x00000000f8f80000, 0x0000000100000000)
  eden space 43008K, 0% used [0x00000000f5580000,0x00000000f5580000,0x00000000f7f80000)
  from space 5120K, 94% used [0x00000000f8000000,0x00000000f84bc118,0x00000000f8500000)
  to   space 8192K, 0% used [0x00000000f8780000,0x00000000f8780000,0x00000000f8f80000)
 ParOldGen       total 105472K, used 68525K [0x00000000e0000000, 0x00000000e6700000, 0x00000000f5580000)
  object space 105472K, 64% used [0x00000000e0000000,0x00000000e42eb530,0x00000000e6700000)
 Metaspace       used 108832K, capacity 117122K, committed 117400K, reserved 1150976K
  class space    used 12878K, capacity 15405K, committed 15512K, reserved 1048576K
}

