# JRE version: Java(TM) SE Runtime Environment (8.0_66-b18) (build 1.8.0_66-b18)
# Java VM: Java HotSpot(TM) 64-Bit Server VM (25.66-b18 mixed mode windows-amd64 compressed oops)
Heap:
 PSYoungGen      total 74240K, used 59103K [0x00000000f5580000, 0x00000000fa100000, 0x0000000100000000)
  eden space 71168K, 83% used [0x00000000f5580000,0x00000000f8f37f68,0x00000000f9b00000)
  from space 3072K, 0% used [0x00000000f9e00000,0x00000000f9e00000,0x00000000fa100000)
  to   space 3072K, 0% used [0x00000000f9b00000,0x00000000f9b00000,0x00000000f9e00000)
 ParOldGen       total 144384K, used 69172K [0x00000000e0000000, 0x00000000e8d00000, 0x00000000f5580000)
  object space 144384K, 47% used [0x00000000e0000000,0x00000000e438d258,0x00000000e8d00000)
 Metaspace       used 103887K, capacity 111218K, committed 111744K, reserved 1146880K
  class space    used 11842K, capacity 14079K, committed 14208K, reserved 1048576K
GC Heap History (10 events):
Event: 9465.062 GC heap before
{Heap before GC invocations=210 (full 68):
 PSYoungGen      total 73728K, used 224K [0x00000000f5580000, 0x00000000fa100000, 0x0000000100000000)
  eden space 71168K, 0% used [0x00000000f5580000,0x00000000f5580000,0x00000000f9b00000)
  from space 2560K, 8% used [0x00000000f9e80000,0x00000000f9eb8000,0x00000000fa100000)
  to   space 3072K, 0% used [0x00000000f9b00000,0x00000000f9b00000,0x00000000f9e00000)
 ParOldGen       total 144384K, used 69124K [0x00000000e0000000, 0x00000000e8d00000, 0x00000000f5580000)
  object space 144384K, 47% used [0x00000000e0000000,0x00000000e4381220,0x00000000e8d00000)
 Metaspace       used 103285K, capacity 110666K, committed 111104K, reserved 1146880K
  class space    used 11778K, capacity 13983K, committed 14080K, reserved 1048576K
Event: 9465.142 GC heap after
Heap after GC invocations=210 (full 68):
 PSYoungGen      total 73728K, used 0K [0x00000000f5580000, 0x00000000fa100000, 0x0000000100000000)
  eden space 71168K, 0% used [0x00000000f5580000,0x00000000f5580000,0x00000000f9b00000)
  from space 2560K, 0% used [0x00000000f9e80000,0x00000000f9e80000,0x00000000fa100000)
  to   space 3072K, 0% used [0x00000000f9b00000,0x00000000f9b00000,0x00000000f9e00000)
 ParOldGen       total 144384K, used 69122K [0x00000000e0000000, 0x00000000e8d00000, 0x00000000f5580000)
  object space 144384K, 47% used [0x00000000e0000000,0x00000000e4380b18,0x00000000e8d00000)
 Metaspace       used 103285K, capacity 110666K, committed 111104K, reserved 1146880K
  class space    used 11778K, capacity 13983K, committed 14080K, reserved 1048576K
}
Event: 9525.063 GC heap before
{Heap before GC invocations=211 (full 68):
 PSYoungGen      total 73728K, used 1574K [0x00000000f5580000, 0x00000000fa100000, 0x0000000100000000)
  eden space 71168K, 2% used [0x00000000f5580000,0x00000000f57098b0,0x00000000f9b00000)
  from space 2560K, 0% used [0x00000000f9e80000,0x00000000f9e80000,0x00000000fa100000)
  to   space 3072K, 0% used [0x00000000f9b00000,0x00000000f9b00000,0x00000000f9e00000)
 ParOldGen       total 144384K, used 69122K [0x00000000e0000000, 0x00000000e8d00000, 0x00000000f5580000)
  object space 144384K, 47% used [0x00000000e0000000,0x00000000e4380b18,0x00000000e8d00000)
 Metaspace       used 103285K, capacity 110666K, committed 111104K, reserved 1146880K
  class space    used 11778K, capacity 13983K, committed 14080K, reserved 1048576K
Event: 9525.065 GC heap after
Heap after GC invocations=211 (full 68):
 PSYoungGen      total 74240K, used 256K [0x00000000f5580000, 0x00000000fa100000, 0x0000000100000000)
  eden space 71168K, 0% used [0x00000000f5580000,0x00000000f5580000,0x00000000f9b00000)
  from space 3072K, 8% used [0x00000000f9b00000,0x00000000f9b40000,0x00000000f9e00000)
  to   space 3072K, 0% used [0x00000000f9e00000,0x00000000f9e00000,0x00000000fa100000)
 ParOldGen       total 144384K, used 69122K [0x00000000e0000000, 0x00000000e8d00000, 0x00000000f5580000)
  object space 144384K, 47% used [0x00000000e0000000,0x00000000e4380b18,0x00000000e8d00000)
 Metaspace       used 103285K, capacity 110666K, committed 111104K, reserved 1146880K
  class space    used 11778K, capacity 13983K, committed 14080K, reserved 1048576K
}
Event: 9525.065 GC heap before
{Heap before GC invocations=212 (full 69):
 PSYoungGen      total 74240K, used 256K [0x00000000f5580000, 0x00000000fa100000, 0x0000000100000000)
  eden space 71168K, 0% used [0x00000000f5580000,0x00000000f5580000,0x00000000f9b00000)
  from space 3072K, 8% used [0x00000000f9b00000,0x00000000f9b40000,0x00000000f9e00000)
  to   space 3072K, 0% used [0x00000000f9e00000,0x00000000f9e00000,0x00000000fa100000)
 ParOldGen       total 144384K, used 69122K [0x00000000e0000000, 0x00000000e8d00000, 0x00000000f5580000)
  object space 144384K, 47% used [0x00000000e0000000,0x00000000e4380b18,0x00000000e8d00000)
 Metaspace       used 103285K, capacity 110666K, committed 111104K, reserved 1146880K
  class space    used 11778K, capacity 13983K, committed 14080K, reserved 1048576K
Event: 9525.145 GC heap after
Heap after GC invocations=212 (full 69):
 PSYoungGen      total 74240K, used 0K [0x00000000f5580000, 0x00000000fa100000, 0x0000000100000000)
  eden space 71168K, 0% used [0x00000000f5580000,0x00000000f5580000,0x00000000f9b00000)
  from space 3072K, 0% used [0x00000000f9b00000,0x00000000f9b00000,0x00000000f9e00000)
  to   space 3072K, 0% used [0x00000000f9e00000,0x00000000f9e00000,0x00000000fa100000)
 ParOldGen       total 144384K, used 69122K [0x00000000e0000000, 0x00000000e8d00000, 0x00000000f5580000)
  object space 144384K, 47% used [0x00000000e0000000,0x00000000e4380b18,0x00000000e8d00000)
 Metaspace       used 103285K, capacity 110666K, committed 111104K, reserved 1146880K
  class space    used 11778K, capacity 13983K, committed 14080K, reserved 1048576K
}
Event: 9585.076 GC heap before
{Heap before GC invocations=213 (full 69):
 PSYoungGen      total 74240K, used 1573K [0x00000000f5580000, 0x00000000fa100000, 0x0000000100000000)
  eden space 71168K, 2% used [0x00000000f5580000,0x00000000f5709410,0x00000000f9b00000)
  from space 3072K, 0% used [0x00000000f9b00000,0x00000000f9b00000,0x00000000f9e00000)
  to   space 3072K, 0% used [0x00000000f9e00000,0x00000000f9e00000,0x00000000fa100000)
 ParOldGen       total 144384K, used 69122K [0x00000000e0000000, 0x00000000e8d00000, 0x00000000f5580000)
  object space 144384K, 47% used [0x00000000e0000000,0x00000000e4380b18,0x00000000e8d00000)
 Metaspace       used 103285K, capacity 110666K, committed 111104K, reserved 1146880K
  class space    used 11778K, capacity 13983K, committed 14080K, reserved 1048576K
Event: 9585.078 GC heap after
Heap after GC invocations=213 (full 69):
 PSYoungGen      total 74240K, used 320K [0x00000000f5580000, 0x00000000fa100000, 0x0000000100000000)
  eden space 71168K, 0% used [0x00000000f5580000,0x00000000f5580000,0x00000000f9b00000)
  from space 3072K, 10% used [0x00000000f9e00000,0x00000000f9e50000,0x00000000fa100000)
  to   space 3072K, 0% used [0x00000000f9b00000,0x00000000f9b00000,0x00000000f9e00000)
 ParOldGen       total 144384K, used 69122K [0x00000000e0000000, 0x00000000e8d00000, 0x00000000f5580000)
  object space 144384K, 47% used [0x00000000e0000000,0x00000000e4380b18,0x00000000e8d00000)
 Metaspace       used 103285K, capacity 110666K, committed 111104K, reserved 1146880K
  class space    used 11778K, capacity 13983K, committed 14080K, reserved 1048576K
}
Event: 9585.078 GC heap before
{Heap before GC invocations=214 (full 70):
 PSYoungGen      total 74240K, used 320K [0x00000000f5580000, 0x00000000fa100000, 0x0000000100000000)
  eden space 71168K, 0% used [0x00000000f5580000,0x00000000f5580000,0x00000000f9b00000)
  from space 3072K, 10% used [0x00000000f9e00000,0x00000000f9e50000,0x00000000fa100000)
  to   space 3072K, 0% used [0x00000000f9b00000,0x00000000f9b00000,0x00000000f9e00000)
 ParOldGen       total 144384K, used 69122K [0x00000000e0000000, 0x00000000e8d00000, 0x00000000f5580000)
  object space 144384K, 47% used [0x00000000e0000000,0x00000000e4380b18,0x00000000e8d00000)
 Metaspace       used 103285K, capacity 110666K, committed 111104K, reserved 1146880K
  class space    used 11778K, capacity 13983K, committed 14080K, reserved 1048576K
Event: 9585.145 GC heap after
Heap after GC invocations=214 (full 70):
 PSYoungGen      total 74240K, used 0K [0x00000000f5580000, 0x00000000fa100000, 0x0000000100000000)
  eden space 71168K, 0% used [0x00000000f5580000,0x00000000f5580000,0x00000000f9b00000)
  from space 3072K, 0% used [0x00000000f9e00000,0x00000000f9e00000,0x00000000fa100000)
  to   space 3072K, 0% used [0x00000000f9b00000,0x00000000f9b00000,0x00000000f9e00000)
 ParOldGen       total 144384K, used 69172K [0x00000000e0000000, 0x00000000e8d00000, 0x00000000f5580000)
  object space 144384K, 47% used [0x00000000e0000000,0x00000000e438d258,0x00000000e8d00000)
 Metaspace       used 103285K, capacity 110666K, committed 111104K, reserved 1146880K
  class space    used 11778K, capacity 13983K, committed 14080K, reserved 1048576K
}

